<?xml version="1.0" encoding="UTF-8"?>
<testng-results skipped="0" failed="1" ignored="0" total="4" passed="3">
  <reporter-output>
  </reporter-output>
  <suite name="Default suite" duration-ms="36477" started-at="2022-07-08T12:41:21 IST" finished-at="2022-07-08T12:41:58 IST">
    <groups>
      <group name="cucumber">
        <method signature="AbstractTestNGCucumberTests.runScenario(io.cucumber.testng.PickleWrapper,io.cucumber.testng.FeatureWrapper)[pri:0, instance:parallel.Parallel_Run@17211155]" name="runScenario" class="io.cucumber.testng.AbstractTestNGCucumberTests"/>
      </group> <!-- cucumber -->
    </groups>
    <test name="Default test" duration-ms="36477" started-at="2022-07-08T12:41:21 IST" finished-at="2022-07-08T12:41:58 IST">
      <class name="parallel.Parallel_Run">
        <test-method status="PASS" signature="setUpClass()[pri:0, instance:parallel.Parallel_Run@17211155]" name="setUpClass" is-config="true" duration-ms="818" started-at="2022-07-08T12:41:21 IST" finished-at="2022-07-08T12:41:22 IST">
          <reporter-output>
          </reporter-output>
        </test-method> <!-- setUpClass -->
        <test-method status="PASS" signature="runScenario(io.cucumber.testng.PickleWrapper,io.cucumber.testng.FeatureWrapper)[pri:0, instance:parallel.Parallel_Run@17211155]" name="runScenario" duration-ms="19826" started-at="2022-07-08T12:41:22 IST" description="Runs Cucumber Scenarios" data-provider="scenarios" finished-at="2022-07-08T12:41:42 IST">
          <params>
            <param index="0">
              <value>
                <![CDATA["Login with correct credentials"]]>
              </value>
            </param>
            <param index="1">
              <value>
                <![CDATA["Optional[Login Page Feature]"]]>
              </value>
            </param>
          </params>
          <reporter-output>
          </reporter-output>
        </test-method> <!-- runScenario -->
        <test-method status="PASS" signature="runScenario(io.cucumber.testng.PickleWrapper,io.cucumber.testng.FeatureWrapper)[pri:0, instance:parallel.Parallel_Run@17211155]" name="runScenario" duration-ms="24194" started-at="2022-07-08T12:41:22 IST" description="Runs Cucumber Scenarios" data-provider="scenarios" finished-at="2022-07-08T12:41:46 IST">
          <params>
            <param index="0">
              <value>
                <![CDATA["Selecting Hotel"]]>
              </value>
            </param>
            <param index="1">
              <value>
                <![CDATA["Optional[Search Hotel From Excel Reader]"]]>
              </value>
            </param>
          </params>
          <reporter-output>
          </reporter-output>
        </test-method> <!-- runScenario -->
        <test-method status="FAIL" signature="runScenario(io.cucumber.testng.PickleWrapper,io.cucumber.testng.FeatureWrapper)[pri:0, instance:parallel.Parallel_Run@17211155]" name="runScenario" duration-ms="16560" started-at="2022-07-08T12:41:22 IST" description="Runs Cucumber Scenarios" data-provider="scenarios" finished-at="2022-07-08T12:41:39 IST">
          <params>
            <param index="0">
              <value>
                <![CDATA["login page"]]>
              </value>
            </param>
            <param index="1">
              <value>
                <![CDATA["Optional[Login Page Feature]"]]>
              </value>
            </param>
          </params>
          <exception class="org.openqa.selenium.NoSuchElementException">
            <message>
              <![CDATA[no such element: Unable to locate element: {"method":"link text","selector":"Forgot Password?12"}
  (Session info: chrome=103.0.5060.114)
For documentation on this error, please visit: https://www.seleniumhq.org/exceptions/no_such_element.html
Build info: version: '3.141.59', revision: 'e82be7d358', time: '2018-11-14T08:17:03'
System info: host: 'SUCHI', ip: '192.168.0.179', os.name: 'Windows 11', os.arch: 'amd64', os.version: '10.0', java.version: '1.8.0_331'
Driver info: org.openqa.selenium.chrome.ChromeDriver
Capabilities {acceptInsecureCerts: false, browserName: chrome, browserVersion: 103.0.5060.114, chrome: {chromedriverVersion: 103.0.5060.53 (a1711811edd7..., userDataDir: C:\Users\HP\AppData\Local\T...}, goog:chromeOptions: {debuggerAddress: localhost:56601}, javascriptEnabled: true, networkConnectionEnabled: false, pageLoadStrategy: normal, platform: WINDOWS, platformName: WINDOWS, proxy: Proxy(), setWindowRect: true, strictFileInteractability: false, timeouts: {implicit: 0, pageLoad: 300000, script: 30000}, unhandledPromptBehavior: dismiss and notify, webauthn:extension:credBlob: true, webauthn:extension:largeBlob: true, webauthn:virtualAuthenticators: true}
Session ID: fa5acc9ceca06de66b1ecc4bb701c815
*** Element info: {Using=link text, value=Forgot Password?12}]]>
            </message>
            <full-stacktrace>
              <![CDATA[org.openqa.selenium.NoSuchElementException: no such element: Unable to locate element: {"method":"link text","selector":"Forgot Password?12"}
  (Session info: chrome=103.0.5060.114)
For documentation on this error, please visit: https://www.seleniumhq.org/exceptions/no_such_element.html
Build info: version: '3.141.59', revision: 'e82be7d358', time: '2018-11-14T08:17:03'
System info: host: 'SUCHI', ip: '192.168.0.179', os.name: 'Windows 11', os.arch: 'amd64', os.version: '10.0', java.version: '1.8.0_331'
Driver info: org.openqa.selenium.chrome.ChromeDriver
Capabilities {acceptInsecureCerts: false, browserName: chrome, browserVersion: 103.0.5060.114, chrome: {chromedriverVersion: 103.0.5060.53 (a1711811edd7..., userDataDir: C:\Users\HP\AppData\Local\T...}, goog:chromeOptions: {debuggerAddress: localhost:56601}, javascriptEnabled: true, networkConnectionEnabled: false, pageLoadStrategy: normal, platform: WINDOWS, platformName: WINDOWS, proxy: Proxy(), setWindowRect: true, strictFileInteractability: false, timeouts: {implicit: 0, pageLoad: 300000, script: 30000}, unhandledPromptBehavior: dismiss and notify, webauthn:extension:credBlob: true, webauthn:extension:largeBlob: true, webauthn:virtualAuthenticators: true}
Session ID: fa5acc9ceca06de66b1ecc4bb701c815
*** Element info: {Using=link text, value=Forgot Password?12}
at sun.reflect.NativeConstructorAccessorImpl.newInstance0(Native Method)
at sun.reflect.NativeConstructorAccessorImpl.newInstance(Unknown Source)
at sun.reflect.DelegatingConstructorAccessorImpl.newInstance(Unknown Source)
at java.lang.reflect.Constructor.newInstance(Unknown Source)
at org.openqa.selenium.remote.http.W3CHttpResponseCodec.createException(W3CHttpResponseCodec.java:187)
at org.openqa.selenium.remote.http.W3CHttpResponseCodec.decode(W3CHttpResponseCodec.java:122)
at org.openqa.selenium.remote.http.W3CHttpResponseCodec.decode(W3CHttpResponseCodec.java:49)
at org.openqa.selenium.remote.HttpCommandExecutor.execute(HttpCommandExecutor.java:158)
at org.openqa.selenium.remote.service.DriverCommandExecutor.execute(DriverCommandExecutor.java:83)
at org.openqa.selenium.remote.RemoteWebDriver.execute(RemoteWebDriver.java:552)
at org.openqa.selenium.remote.RemoteWebDriver.findElement(RemoteWebDriver.java:323)
at org.openqa.selenium.remote.RemoteWebDriver.findElementByLinkText(RemoteWebDriver.java:380)
at org.openqa.selenium.By$ByLinkText.findElement(By.java:220)
at org.openqa.selenium.remote.RemoteWebDriver.findElement(RemoteWebDriver.java:315)
at com.pages.Loginpage.isForgotPwdLinkExist(Loginpage.java:42)
at parallel.LoginStep_Definition.forgot_your_password_link_should_be_displayed(LoginStep_Definition.java:37)
at ✽.forgot your password link should be displayed(file:///C:/Users/HP/eclipse-workspace/AdactinHotelBooking/src/test/resources/parallel/Login.feature:5)
]]>
            </full-stacktrace>
          </exception> <!-- org.openqa.selenium.NoSuchElementException -->
          <reporter-output>
          </reporter-output>
        </test-method> <!-- runScenario -->
        <test-method status="PASS" signature="runScenario(io.cucumber.testng.PickleWrapper,io.cucumber.testng.FeatureWrapper)[pri:0, instance:parallel.Parallel_Run@17211155]" name="runScenario" duration-ms="32137" started-at="2022-07-08T12:41:22 IST" description="Runs Cucumber Scenarios" data-provider="scenarios" finished-at="2022-07-08T12:41:54 IST">
          <params>
            <param index="0">
              <value>
                <![CDATA["Adding Payment Method"]]>
              </value>
            </param>
            <param index="1">
              <value>
                <![CDATA["Optional[Payment Method Page Feature from JSON File]"]]>
              </value>
            </param>
          </params>
          <reporter-output>
          </reporter-output>
        </test-method> <!-- runScenario -->
        <test-method status="PASS" signature="tearDownClass()[pri:0, instance:parallel.Parallel_Run@17211155]" name="tearDownClass" is-config="true" duration-ms="3483" started-at="2022-07-08T12:41:54 IST" finished-at="2022-07-08T12:41:58 IST">
          <reporter-output>
          </reporter-output>
        </test-method> <!-- tearDownClass -->
      </class> <!-- parallel.Parallel_Run -->
    </test> <!-- Default test -->
  </suite> <!-- Default suite -->
</testng-results>
